{"/home/travis/build/npmtest/node-npmtest-headroom.js/test.js":{"path":"/home/travis/build/npmtest/node-npmtest-headroom.js/test.js","s":{"1":2,"2":2,"3":2,"4":2,"5":2,"6":2,"7":2,"8":1,"9":2,"10":2,"11":1,"12":1,"13":1,"14":1,"15":2,"16":2,"17":2,"18":2,"19":1,"20":1,"21":2,"22":2,"23":2,"24":1,"25":1,"26":1,"27":1,"28":1,"29":1,"30":1,"31":1,"32":1,"33":1,"34":1,"35":1,"36":1,"37":2,"38":2,"39":1,"40":2,"41":2,"42":1,"43":2,"44":2,"45":1,"46":2,"47":2,"48":1,"49":1,"50":1,"51":1,"52":1},"b":{"1":[2,1,1,1],"2":[1,1,1,1],"3":[1,1],"4":[1,1],"5":[1,1],"6":[1,1],"7":[1,1],"8":[1,1],"9":[1,1,1],"10":[1,1],"11":[1,1],"12":[1,1],"13":[1,1],"14":[1,1],"15":[1,1],"16":[1,1]},"f":{"1":2,"2":2,"3":2,"4":2,"5":2,"6":1,"7":1,"8":2,"9":2,"10":2,"11":2,"12":1},"fnMap":{"1":{"name":"(anonymous_1)","line":12,"loc":{"start":{"line":12,"column":1},"end":{"line":12,"column":13}}},"2":{"name":"(anonymous_2)","line":19,"loc":{"start":{"line":19,"column":5},"end":{"line":19,"column":17}}},"3":{"name":"(anonymous_3)","line":23,"loc":{"start":{"line":23,"column":24},"end":{"line":23,"column":36}}},"4":{"name":"(anonymous_4)","line":61,"loc":{"start":{"line":61,"column":5},"end":{"line":61,"column":17}}},"5":{"name":"(anonymous_5)","line":82,"loc":{"start":{"line":82,"column":5},"end":{"line":82,"column":17}}},"6":{"name":"(anonymous_6)","line":102,"loc":{"start":{"line":102,"column":83},"end":{"line":105,"column":10}},"skip":true},"7":{"name":"(anonymous_7)","line":113,"loc":{"start":{"line":113,"column":77},"end":{"line":116,"column":10}},"skip":true},"8":{"name":"(anonymous_8)","line":129,"loc":{"start":{"line":129,"column":12},"end":{"line":129,"column":40}},"skip":true},"9":{"name":"(anonymous_9)","line":137,"loc":{"start":{"line":137,"column":77},"end":{"line":140,"column":10}},"skip":true},"10":{"name":"(anonymous_10)","line":148,"loc":{"start":{"line":148,"column":83},"end":{"line":151,"column":10}},"skip":true},"11":{"name":"(anonymous_11)","line":159,"loc":{"start":{"line":159,"column":79},"end":{"line":162,"column":10}},"skip":true},"12":{"name":"(anonymous_12)","line":170,"loc":{"start":{"line":170,"column":75},"end":{"line":173,"column":10}},"skip":true}},"statementMap":{"1":{"start":{"line":12,"column":0},"end":{"line":185,"column":5}},"2":{"start":{"line":14,"column":4},"end":{"line":14,"column":14}},"3":{"start":{"line":19,"column":4},"end":{"line":56,"column":9}},"4":{"start":{"line":21,"column":8},"end":{"line":21,"column":19}},"5":{"start":{"line":23,"column":8},"end":{"line":35,"column":13}},"6":{"start":{"line":24,"column":12},"end":{"line":34,"column":13}},"7":{"start":{"line":25,"column":16},"end":{"line":28,"column":30}},"8":{"start":{"line":30,"column":16},"end":{"line":33,"column":27}},"9":{"start":{"line":37,"column":8},"end":{"line":39,"column":21}},"10":{"start":{"line":40,"column":8},"end":{"line":53,"column":9}},"11":{"start":{"line":43,"column":12},"end":{"line":46,"column":14}},"12":{"start":{"line":47,"column":12},"end":{"line":47,"column":18}},"13":{"start":{"line":50,"column":12},"end":{"line":51,"column":46}},"14":{"start":{"line":52,"column":12},"end":{"line":52,"column":18}},"15":{"start":{"line":55,"column":8},"end":{"line":55,"column":35}},"16":{"start":{"line":61,"column":4},"end":{"line":63,"column":9}},"17":{"start":{"line":62,"column":8},"end":{"line":62,"column":15}},"18":{"start":{"line":64,"column":4},"end":{"line":77,"column":5}},"19":{"start":{"line":70,"column":8},"end":{"line":70,"column":14}},"20":{"start":{"line":76,"column":8},"end":{"line":76,"column":14}},"21":{"start":{"line":82,"column":4},"end":{"line":84,"column":9}},"22":{"start":{"line":83,"column":8},"end":{"line":83,"column":15}},"23":{"start":{"line":85,"column":4},"end":{"line":184,"column":5}},"24":{"start":{"line":92,"column":8},"end":{"line":94,"column":63}},"25":{"start":{"line":95,"column":8},"end":{"line":95,"column":14}},"26":{"start":{"line":102,"column":8},"end":{"line":111,"column":10},"skip":true},"27":{"start":{"line":109,"column":12},"end":{"line":109,"column":55},"skip":true},"28":{"start":{"line":110,"column":12},"end":{"line":110,"column":48},"skip":true},"29":{"start":{"line":113,"column":8},"end":{"line":126,"column":10},"skip":true},"30":{"start":{"line":120,"column":12},"end":{"line":120,"column":76},"skip":true},"31":{"start":{"line":121,"column":12},"end":{"line":121,"column":73},"skip":true},"32":{"start":{"line":122,"column":12},"end":{"line":122,"column":74},"skip":true},"33":{"start":{"line":123,"column":12},"end":{"line":123,"column":79},"skip":true},"34":{"start":{"line":124,"column":12},"end":{"line":124,"column":25},"skip":true},"35":{"start":{"line":125,"column":12},"end":{"line":125,"column":45},"skip":true},"36":{"start":{"line":128,"column":8},"end":{"line":135,"column":14},"skip":true},"37":{"start":{"line":133,"column":16},"end":{"line":133,"column":29},"skip":true},"38":{"start":{"line":134,"column":16},"end":{"line":134,"column":55},"skip":true},"39":{"start":{"line":137,"column":8},"end":{"line":146,"column":10},"skip":true},"40":{"start":{"line":144,"column":12},"end":{"line":144,"column":25},"skip":true},"41":{"start":{"line":145,"column":12},"end":{"line":145,"column":45},"skip":true},"42":{"start":{"line":148,"column":8},"end":{"line":157,"column":10},"skip":true},"43":{"start":{"line":155,"column":12},"end":{"line":155,"column":25},"skip":true},"44":{"start":{"line":156,"column":12},"end":{"line":156,"column":48},"skip":true},"45":{"start":{"line":159,"column":8},"end":{"line":168,"column":10},"skip":true},"46":{"start":{"line":166,"column":12},"end":{"line":166,"column":25},"skip":true},"47":{"start":{"line":167,"column":12},"end":{"line":167,"column":46},"skip":true},"48":{"start":{"line":170,"column":8},"end":{"line":179,"column":10},"skip":true},"49":{"start":{"line":177,"column":12},"end":{"line":177,"column":94},"skip":true},"50":{"start":{"line":178,"column":12},"end":{"line":178,"column":48},"skip":true},"51":{"start":{"line":182,"column":8},"end":{"line":182,"column":35},"skip":true},"52":{"start":{"line":183,"column":8},"end":{"line":183,"column":14},"skip":true}},"branchMap":{"1":{"line":25,"type":"binary-expr","locations":[{"start":{"line":25,"column":23},"end":{"line":25,"column":62}},{"start":{"line":26,"column":20},"end":{"line":26,"column":70}},{"start":{"line":27,"column":20},"end":{"line":27,"column":71}},{"start":{"line":28,"column":20},"end":{"line":28,"column":29}}]},"2":{"line":30,"type":"binary-expr","locations":[{"start":{"line":30,"column":23},"end":{"line":30,"column":37}},{"start":{"line":31,"column":20},"end":{"line":31,"column":61}},{"start":{"line":32,"column":20},"end":{"line":32,"column":70}},{"start":{"line":33,"column":20},"end":{"line":33,"column":26}}]},"3":{"line":37,"type":"cond-expr","locations":[{"start":{"line":38,"column":14},"end":{"line":38,"column":20}},{"start":{"line":39,"column":14},"end":{"line":39,"column":20}}]},"4":{"line":40,"type":"switch","locations":[{"start":{"line":42,"column":8},"end":{"line":47,"column":18}},{"start":{"line":49,"column":8},"end":{"line":52,"column":18}}]},"5":{"line":44,"type":"binary-expr","locations":[{"start":{"line":44,"column":16},"end":{"line":44,"column":44}},{"start":{"line":44,"column":48},"end":{"line":44,"column":66}}]},"6":{"line":50,"type":"binary-expr","locations":[{"start":{"line":50,"column":21},"end":{"line":50,"column":49}},{"start":{"line":50,"column":53},"end":{"line":50,"column":72}}]},"7":{"line":64,"type":"switch","locations":[{"start":{"line":69,"column":4},"end":{"line":70,"column":14}},{"start":{"line":75,"column":4},"end":{"line":76,"column":14}}]},"8":{"line":85,"type":"switch","locations":[{"start":{"line":90,"column":4},"end":{"line":95,"column":14}},{"start":{"line":101,"column":4},"end":{"line":183,"column":14},"skip":true}]},"9":{"line":92,"type":"binary-expr","locations":[{"start":{"line":92,"column":18},"end":{"line":92,"column":32}},{"start":{"line":93,"column":12},"end":{"line":93,"column":53}},{"start":{"line":94,"column":12},"end":{"line":94,"column":61}}]},"10":{"line":102,"type":"binary-expr","locations":[{"start":{"line":102,"column":45},"end":{"line":102,"column":79},"skip":true},{"start":{"line":102,"column":83},"end":{"line":111,"column":9},"skip":true}]},"11":{"line":113,"type":"binary-expr","locations":[{"start":{"line":113,"column":42},"end":{"line":113,"column":73},"skip":true},{"start":{"line":113,"column":77},"end":{"line":126,"column":9},"skip":true}]},"12":{"line":128,"type":"binary-expr","locations":[{"start":{"line":128,"column":48},"end":{"line":128,"column":85},"skip":true},{"start":{"line":129,"column":12},"end":{"line":135,"column":13},"skip":true}]},"13":{"line":137,"type":"binary-expr","locations":[{"start":{"line":137,"column":42},"end":{"line":137,"column":73},"skip":true},{"start":{"line":137,"column":77},"end":{"line":146,"column":9},"skip":true}]},"14":{"line":148,"type":"binary-expr","locations":[{"start":{"line":148,"column":45},"end":{"line":148,"column":79},"skip":true},{"start":{"line":148,"column":83},"end":{"line":157,"column":9},"skip":true}]},"15":{"line":159,"type":"binary-expr","locations":[{"start":{"line":159,"column":43},"end":{"line":159,"column":75},"skip":true},{"start":{"line":159,"column":79},"end":{"line":168,"column":9},"skip":true}]},"16":{"line":170,"type":"binary-expr","locations":[{"start":{"line":170,"column":41},"end":{"line":170,"column":71},"skip":true},{"start":{"line":170,"column":75},"end":{"line":179,"column":9},"skip":true}]}},"code":["/* istanbul instrument in package npmtest_headroom_js */","/*jslint","    bitwise: true,","    browser: true,","    maxerr: 8,","    maxlen: 96,","    node: true,","    nomen: true,","    regexp: true,","    stupid: true","*/","(function () {","    'use strict';","    var local;","","","","    // run shared js-env code - pre-init","    (function () {","        // init local","        local = {};","        // init modeJs","        local.modeJs = (function () {","            try {","                return typeof navigator.userAgent === 'string' &&","                    typeof document.querySelector('body') === 'object' &&","                    typeof XMLHttpRequest.prototype.open === 'function' &&","                    'browser';","            } catch (errorCaughtBrowser) {","                return module.exports &&","                    typeof process.versions.node === 'string' &&","                    typeof require('http').createServer === 'function' &&","                    'node';","            }","        }());","        // init global","        local.global = local.modeJs === 'browser'","            ? window","            : global;","        switch (local.modeJs) {","        // re-init local from window.local","        case 'browser':","            local = local.global.utility2.objectSetDefault(","                local.global.utility2_rollup || local.global.local,","                local.global.utility2","            );","            break;","        // re-init local from example.js","        case 'node':","            local = (local.global.utility2_rollup || require('utility2'))","                .requireExampleJsFromReadme();","            break;","        }","        // export local","        local.global.local = local;","    }());","","","","    // run shared js-env code - function","    (function () {","        return;","    }());","    switch (local.modeJs) {","","","","    // run browser js-env code - function","    case 'browser':","        break;","","","","    // run node js-env code - function","    case 'node':","        break;","    }","","","","    // run shared js-env code - post-init","    (function () {","        return;","    }());","    switch (local.modeJs) {","","","","    // run browser js-env code - post-init","    case 'browser':","        // run tests","        local.nop(local.modeTest &&","            document.querySelector('#testRunButton1') &&","            document.querySelector('#testRunButton1').click());","        break;","","","","    // run node js-env code - post-init","    /* istanbul ignore next */","    case 'node':","        local.testCase_buildApidoc_default = local.testCase_buildApidoc_default || function (","            options,","            onError","        ) {","        /*","         * this function will test buildApidoc's default handling-behavior-behavior","         */","            options = { modulePathList: module.paths };","            local.buildApidoc(options, onError);","        };","","        local.testCase_buildApp_default = local.testCase_buildApp_default || function (","            options,","            onError","        ) {","        /*","         * this function will test buildApp's default handling-behavior-behavior","         */","            local.testCase_buildReadme_default(options, local.onErrorThrow);","            local.testCase_buildLib_default(options, local.onErrorThrow);","            local.testCase_buildTest_default(options, local.onErrorThrow);","            local.testCase_buildCustomOrg_default(options, local.onErrorThrow);","            options = [];","            local.buildApp(options, onError);","        };","","        local.testCase_buildCustomOrg_default = local.testCase_buildCustomOrg_default ||","            function (options, onError) {","            /*","             * this function will test buildCustomOrg's default handling-behavior","             */","                options = {};","                local.buildCustomOrg(options, onError);","            };","","        local.testCase_buildLib_default = local.testCase_buildLib_default || function (","            options,","            onError","        ) {","        /*","         * this function will test buildLib's default handling-behavior","         */","            options = {};","            local.buildLib(options, onError);","        };","","        local.testCase_buildReadme_default = local.testCase_buildReadme_default || function (","            options,","            onError","        ) {","        /*","         * this function will test buildReadme's default handling-behavior-behavior","         */","            options = {};","            local.buildReadme(options, onError);","        };","","        local.testCase_buildTest_default = local.testCase_buildTest_default || function (","            options,","            onError","        ) {","        /*","         * this function will test buildTest's default handling-behavior","         */","            options = {};","            local.buildTest(options, onError);","        };","","        local.testCase_webpage_default = local.testCase_webpage_default || function (","            options,","            onError","        ) {","        /*","         * this function will test webpage's default handling-behavior","         */","            options = { modeCoverageMerge: true, url: local.serverLocalHost + '?modeTest=1' };","            local.browserTest(options, onError);","        };","","        // run test-server","        local.testRunServer(local);","        break;","    }","}());",""],"l":{"12":2,"14":2,"19":2,"21":2,"23":2,"24":2,"25":2,"30":1,"37":2,"40":2,"43":1,"47":1,"50":1,"52":1,"55":2,"61":2,"62":2,"64":2,"70":1,"76":1,"82":2,"83":2,"85":2,"92":1,"95":1,"102":1,"109":1,"110":1,"113":1,"120":1,"121":1,"122":1,"123":1,"124":1,"125":1,"128":1,"133":2,"134":2,"137":1,"144":2,"145":2,"148":1,"155":2,"156":2,"159":1,"166":2,"167":2,"170":1,"177":1,"178":1,"182":1,"183":1}},"/home/travis/build/npmtest/node-npmtest-headroom.js/lib.npmtest_headroom.js.js":{"path":"/home/travis/build/npmtest/node-npmtest-headroom.js/lib.npmtest_headroom.js.js","s":{"1":2,"2":2,"3":2,"4":2,"5":2,"6":2,"7":2,"8":1,"9":2,"10":2,"11":2,"12":2,"13":1,"14":1,"15":1,"16":1},"b":{"1":[2,1,1,1],"2":[1,1,1,1],"3":[1,1],"4":[2,2],"5":[1,1]},"f":{"1":2,"2":2,"3":2},"fnMap":{"1":{"name":"(anonymous_1)","line":12,"loc":{"start":{"line":12,"column":1},"end":{"line":12,"column":13}}},"2":{"name":"(anonymous_2)","line":19,"loc":{"start":{"line":19,"column":5},"end":{"line":19,"column":17}}},"3":{"name":"(anonymous_3)","line":23,"loc":{"start":{"line":23,"column":24},"end":{"line":23,"column":36}}}},"statementMap":{"1":{"start":{"line":12,"column":0},"end":{"line":53,"column":5}},"2":{"start":{"line":14,"column":4},"end":{"line":14,"column":14}},"3":{"start":{"line":19,"column":4},"end":{"line":52,"column":9}},"4":{"start":{"line":21,"column":8},"end":{"line":21,"column":19}},"5":{"start":{"line":23,"column":8},"end":{"line":35,"column":13}},"6":{"start":{"line":24,"column":12},"end":{"line":34,"column":13}},"7":{"start":{"line":25,"column":16},"end":{"line":28,"column":30}},"8":{"start":{"line":30,"column":16},"end":{"line":33,"column":27}},"9":{"start":{"line":37,"column":8},"end":{"line":39,"column":21}},"10":{"start":{"line":41,"column":8},"end":{"line":41,"column":54}},"11":{"start":{"line":43,"column":8},"end":{"line":43,"column":56}},"12":{"start":{"line":45,"column":8},"end":{"line":51,"column":9}},"13":{"start":{"line":46,"column":12},"end":{"line":46,"column":62}},"14":{"start":{"line":48,"column":12},"end":{"line":48,"column":35}},"15":{"start":{"line":49,"column":12},"end":{"line":49,"column":49}},"16":{"start":{"line":50,"column":12},"end":{"line":50,"column":43}}},"branchMap":{"1":{"line":25,"type":"binary-expr","locations":[{"start":{"line":25,"column":23},"end":{"line":25,"column":62}},{"start":{"line":26,"column":20},"end":{"line":26,"column":70}},{"start":{"line":27,"column":20},"end":{"line":27,"column":71}},{"start":{"line":28,"column":20},"end":{"line":28,"column":29}}]},"2":{"line":30,"type":"binary-expr","locations":[{"start":{"line":30,"column":23},"end":{"line":30,"column":37}},{"start":{"line":31,"column":20},"end":{"line":31,"column":61}},{"start":{"line":32,"column":20},"end":{"line":32,"column":70}},{"start":{"line":33,"column":20},"end":{"line":33,"column":26}}]},"3":{"line":37,"type":"cond-expr","locations":[{"start":{"line":38,"column":14},"end":{"line":38,"column":20}},{"start":{"line":39,"column":14},"end":{"line":39,"column":20}}]},"4":{"line":41,"type":"binary-expr","locations":[{"start":{"line":41,"column":16},"end":{"line":41,"column":44}},{"start":{"line":41,"column":48},"end":{"line":41,"column":53}}]},"5":{"line":45,"type":"if","locations":[{"start":{"line":45,"column":8},"end":{"line":45,"column":8}},{"start":{"line":45,"column":8},"end":{"line":45,"column":8}}]}},"code":["/* istanbul instrument in package npmtest_headroom_js */","/*jslint","    bitwise: true,","    browser: true,","    maxerr: 8,","    maxlen: 96,","    node: true,","    nomen: true,","    regexp: true,","    stupid: true","*/","(function () {","    'use strict';","    var local;","","","","    // run shared js-env code - pre-init","    (function () {","        // init local","        local = {};","        // init modeJs","        local.modeJs = (function () {","            try {","                return typeof navigator.userAgent === 'string' &&","                    typeof document.querySelector('body') === 'object' &&","                    typeof XMLHttpRequest.prototype.open === 'function' &&","                    'browser';","            } catch (errorCaughtBrowser) {","                return module.exports &&","                    typeof process.versions.node === 'string' &&","                    typeof require('http').createServer === 'function' &&","                    'node';","            }","        }());","        // init global","        local.global = local.modeJs === 'browser'","            ? window","            : global;","        // init utility2_rollup","        local = local.global.utility2_rollup || local;","        // init lib","        local.local = local.npmtest_headroom_js = local;","        // init exports","        if (local.modeJs === 'browser') {","            local.global.utility2_npmtest_headroom_js = local;","        } else {","            module.exports = local;","            module.exports.__dirname = __dirname;","            module.exports.module = module;","        }","    }());","}());",""],"l":{"12":2,"14":2,"19":2,"21":2,"23":2,"24":2,"25":2,"30":1,"37":2,"41":2,"43":2,"45":2,"46":1,"48":1,"49":1,"50":1}},"/home/travis/build/npmtest/node-npmtest-headroom.js/example.js":{"path":"/home/travis/build/npmtest/node-npmtest-headroom.js/example.js","s":{"1":2,"2":2,"3":2,"4":2,"5":2,"6":2,"7":2,"8":1,"9":2,"10":2,"11":2,"12":2,"13":1,"14":2,"15":2,"16":2,"17":2,"18":2,"19":0,"20":2,"21":1,"22":1,"23":1,"24":1,"25":1,"26":0,"27":0,"28":1,"29":1,"30":2,"31":0,"32":0,"33":0,"34":1,"35":2,"36":2,"37":2,"38":2,"39":2,"40":2,"41":0,"42":2,"43":2,"44":2,"45":1,"46":3,"47":1,"48":1,"49":1,"50":1,"51":1,"52":1,"53":1,"54":1,"55":1,"56":1,"57":0,"58":1,"59":6,"60":6,"61":1,"62":2,"63":0,"64":2,"65":1,"66":1,"67":0,"68":0,"69":0,"70":0,"71":0,"72":0,"73":0,"74":0,"75":0,"76":0,"77":0,"78":0,"79":0,"80":0,"81":0,"82":0,"83":0},"b":{"1":[2,1,1,1],"2":[1,1,1,1],"3":[1,1],"4":[2,2],"5":[1,1],"6":[1,1],"7":[2,0],"8":[2,1,1,1,1,1],"9":[0,2,0],"10":[1,1],"11":[2,1,1],"12":[1,0],"13":[0,2],"14":[2,0,0,0,0,0,0],"15":[0,2],"16":[2,0],"17":[1,1],"18":[0,1],"19":[1,2,0,2],"20":[1,0],"21":[1,1],"22":[0,0],"23":[0,0],"24":[0,0],"25":[0,0],"26":[0,0],"27":[0,0],"28":[0,0]},"f":{"1":2,"2":2,"3":2,"4":2,"5":2,"6":2,"7":2,"8":2,"9":3,"10":1,"11":6,"12":0},"fnMap":{"1":{"name":"(anonymous_1)","line":26,"loc":{"start":{"line":26,"column":1},"end":{"line":26,"column":13}}},"2":{"name":"(anonymous_2)","line":33,"loc":{"start":{"line":33,"column":5},"end":{"line":33,"column":17}}},"3":{"name":"(anonymous_3)","line":37,"loc":{"start":{"line":37,"column":24},"end":{"line":37,"column":36}}},"4":{"name":"(anonymous_4)","line":69,"loc":{"start":{"line":69,"column":31},"end":{"line":69,"column":48}},"skip":true},"5":{"name":"(anonymous_5)","line":78,"loc":{"start":{"line":78,"column":26},"end":{"line":78,"column":45}},"skip":true},"6":{"name":"(anonymous_6)","line":123,"loc":{"start":{"line":123,"column":33},"end":{"line":123,"column":48}},"skip":true},"7":{"name":"(anonymous_7)","line":125,"loc":{"start":{"line":125,"column":27},"end":{"line":125,"column":39}},"skip":true},"8":{"name":"(anonymous_8)","line":133,"loc":{"start":{"line":133,"column":59},"end":{"line":133,"column":74}},"skip":true},"9":{"name":"(anonymous_9)","line":143,"loc":{"start":{"line":143,"column":45},"end":{"line":143,"column":62}},"skip":true},"10":{"name":"(anonymous_10)","line":144,"loc":{"start":{"line":144,"column":73},"end":{"line":144,"column":92}},"skip":true},"11":{"name":"(anonymous_11)","line":272,"loc":{"start":{"line":272,"column":51},"end":{"line":272,"column":77}},"skip":true},"12":{"name":"(anonymous_12)","line":314,"loc":{"start":{"line":314,"column":32},"end":{"line":314,"column":61}},"skip":true}},"statementMap":{"1":{"start":{"line":26,"column":0},"end":{"line":325,"column":5}},"2":{"start":{"line":28,"column":4},"end":{"line":28,"column":14}},"3":{"start":{"line":33,"column":4},"end":{"line":60,"column":9}},"4":{"start":{"line":35,"column":8},"end":{"line":35,"column":19}},"5":{"start":{"line":37,"column":8},"end":{"line":49,"column":13}},"6":{"start":{"line":38,"column":12},"end":{"line":48,"column":13}},"7":{"start":{"line":39,"column":16},"end":{"line":42,"column":30}},"8":{"start":{"line":44,"column":16},"end":{"line":47,"column":27}},"9":{"start":{"line":51,"column":8},"end":{"line":53,"column":21}},"10":{"start":{"line":55,"column":8},"end":{"line":57,"column":45}},"11":{"start":{"line":59,"column":8},"end":{"line":59,"column":35}},"12":{"start":{"line":61,"column":4},"end":{"line":324,"column":5}},"13":{"start":{"line":69,"column":8},"end":{"line":121,"column":10},"skip":true},"14":{"start":{"line":70,"column":12},"end":{"line":88,"column":13},"skip":true},"15":{"start":{"line":76,"column":16},"end":{"line":87,"column":19},"skip":true},"16":{"start":{"line":79,"column":20},"end":{"line":86,"column":21},"skip":true},"17":{"start":{"line":82,"column":24},"end":{"line":82,"column":43},"skip":true},"18":{"start":{"line":83,"column":24},"end":{"line":83,"column":30},"skip":true},"19":{"start":{"line":85,"column":24},"end":{"line":85,"column":49},"skip":true},"20":{"start":{"line":89,"column":12},"end":{"line":107,"column":13},"skip":true},"21":{"start":{"line":92,"column":16},"end":{"line":102,"column":17},"skip":true},"22":{"start":{"line":93,"column":20},"end":{"line":93,"column":86},"skip":true},"23":{"start":{"line":94,"column":20},"end":{"line":95,"column":45},"skip":true},"24":{"start":{"line":96,"column":20},"end":{"line":96,"column":42},"skip":true},"25":{"start":{"line":97,"column":20},"end":{"line":97,"column":48},"skip":true},"26":{"start":{"line":100,"column":20},"end":{"line":100,"column":85},"skip":true},"27":{"start":{"line":101,"column":20},"end":{"line":101,"column":96},"skip":true},"28":{"start":{"line":103,"column":16},"end":{"line":103,"column":22},"skip":true},"29":{"start":{"line":106,"column":16},"end":{"line":106,"column":22},"skip":true},"30":{"start":{"line":108,"column":12},"end":{"line":120,"column":13},"skip":true},"31":{"start":{"line":114,"column":16},"end":{"line":119,"column":17},"skip":true},"32":{"start":{"line":116,"column":20},"end":{"line":116,"column":78},"skip":true},"33":{"start":{"line":118,"column":20},"end":{"line":118,"column":47},"skip":true},"34":{"start":{"line":123,"column":8},"end":{"line":141,"column":11},"skip":true},"35":{"start":{"line":124,"column":12},"end":{"line":124,"column":54},"skip":true},"36":{"start":{"line":125,"column":12},"end":{"line":140,"column":14},"skip":true},"37":{"start":{"line":126,"column":16},"end":{"line":126,"column":28},"skip":true},"38":{"start":{"line":127,"column":16},"end":{"line":127,"column":69},"skip":true},"39":{"start":{"line":128,"column":16},"end":{"line":128,"column":75},"skip":true},"40":{"start":{"line":129,"column":16},"end":{"line":131,"column":17},"skip":true},"41":{"start":{"line":130,"column":20},"end":{"line":130,"column":27},"skip":true},"42":{"start":{"line":133,"column":16},"end":{"line":137,"column":36},"skip":true},"43":{"start":{"line":134,"column":20},"end":{"line":136,"column":55},"skip":true},"44":{"start":{"line":139,"column":16},"end":{"line":139,"column":57},"skip":true},"45":{"start":{"line":143,"column":8},"end":{"line":147,"column":11},"skip":true},"46":{"start":{"line":144,"column":12},"end":{"line":146,"column":15},"skip":true},"47":{"start":{"line":145,"column":16},"end":{"line":145,"column":70},"skip":true},"48":{"start":{"line":149,"column":8},"end":{"line":149,"column":31},"skip":true},"49":{"start":{"line":150,"column":8},"end":{"line":150,"column":14},"skip":true},"50":{"start":{"line":158,"column":8},"end":{"line":158,"column":31},"skip":true},"51":{"start":{"line":160,"column":8},"end":{"line":160,"column":33},"skip":true},"52":{"start":{"line":161,"column":8},"end":{"line":161,"column":37},"skip":true},"53":{"start":{"line":162,"column":8},"end":{"line":162,"column":35},"skip":true},"54":{"start":{"line":164,"column":8},"end":{"line":164,"column":50},"skip":true},"55":{"start":{"line":166,"column":8},"end":{"line":256,"column":2},"skip":true},"56":{"start":{"line":258,"column":8},"end":{"line":286,"column":9},"skip":true},"57":{"start":{"line":259,"column":12},"end":{"line":269,"column":14},"skip":true},"58":{"start":{"line":271,"column":12},"end":{"line":285,"column":19},"skip":true},"59":{"start":{"line":274,"column":20},"end":{"line":274,"column":35},"skip":true},"60":{"start":{"line":275,"column":20},"end":{"line":284,"column":21},"skip":true},"61":{"start":{"line":277,"column":24},"end":{"line":277,"column":64},"skip":true},"62":{"start":{"line":279,"column":24},"end":{"line":279,"column":40},"skip":true},"63":{"start":{"line":281,"column":24},"end":{"line":281,"column":40},"skip":true},"64":{"start":{"line":283,"column":24},"end":{"line":283,"column":39},"skip":true},"65":{"start":{"line":288,"column":8},"end":{"line":290,"column":9},"skip":true},"66":{"start":{"line":289,"column":12},"end":{"line":289,"column":18},"skip":true},"67":{"start":{"line":291,"column":8},"end":{"line":293,"column":54},"skip":true},"68":{"start":{"line":294,"column":8},"end":{"line":301,"column":37},"skip":true},"69":{"start":{"line":302,"column":8},"end":{"line":302,"column":82},"skip":true},"70":{"start":{"line":305,"column":8},"end":{"line":307,"column":9},"skip":true},"71":{"start":{"line":306,"column":12},"end":{"line":306,"column":82},"skip":true},"72":{"start":{"line":309,"column":8},"end":{"line":311,"column":9},"skip":true},"73":{"start":{"line":310,"column":12},"end":{"line":310,"column":18},"skip":true},"74":{"start":{"line":312,"column":8},"end":{"line":312,"column":54},"skip":true},"75":{"start":{"line":313,"column":8},"end":{"line":313,"column":69},"skip":true},"76":{"start":{"line":314,"column":8},"end":{"line":322,"column":36},"skip":true},"77":{"start":{"line":315,"column":12},"end":{"line":315,"column":61},"skip":true},"78":{"start":{"line":316,"column":12},"end":{"line":319,"column":13},"skip":true},"79":{"start":{"line":317,"column":16},"end":{"line":317,"column":75},"skip":true},"80":{"start":{"line":318,"column":16},"end":{"line":318,"column":23},"skip":true},"81":{"start":{"line":320,"column":12},"end":{"line":320,"column":38},"skip":true},"82":{"start":{"line":321,"column":12},"end":{"line":321,"column":27},"skip":true},"83":{"start":{"line":323,"column":8},"end":{"line":323,"column":14},"skip":true}},"branchMap":{"1":{"line":39,"type":"binary-expr","locations":[{"start":{"line":39,"column":23},"end":{"line":39,"column":62}},{"start":{"line":40,"column":20},"end":{"line":40,"column":70}},{"start":{"line":41,"column":20},"end":{"line":41,"column":71}},{"start":{"line":42,"column":20},"end":{"line":42,"column":29}}]},"2":{"line":44,"type":"binary-expr","locations":[{"start":{"line":44,"column":23},"end":{"line":44,"column":37}},{"start":{"line":45,"column":20},"end":{"line":45,"column":61}},{"start":{"line":46,"column":20},"end":{"line":46,"column":70}},{"start":{"line":47,"column":20},"end":{"line":47,"column":26}}]},"3":{"line":51,"type":"cond-expr","locations":[{"start":{"line":52,"column":14},"end":{"line":52,"column":20}},{"start":{"line":53,"column":14},"end":{"line":53,"column":20}}]},"4":{"line":55,"type":"binary-expr","locations":[{"start":{"line":55,"column":16},"end":{"line":55,"column":44}},{"start":{"line":55,"column":49},"end":{"line":57,"column":43}}]},"5":{"line":55,"type":"cond-expr","locations":[{"start":{"line":56,"column":14},"end":{"line":56,"column":55}},{"start":{"line":57,"column":14},"end":{"line":57,"column":43}}]},"6":{"line":61,"type":"switch","locations":[{"start":{"line":68,"column":4},"end":{"line":150,"column":14},"skip":true},{"start":{"line":156,"column":4},"end":{"line":323,"column":14},"skip":true}]},"7":{"line":70,"type":"if","locations":[{"start":{"line":70,"column":12},"end":{"line":70,"column":12},"skip":true},{"start":{"line":70,"column":12},"end":{"line":70,"column":12},"skip":true}]},"8":{"line":70,"type":"binary-expr","locations":[{"start":{"line":70,"column":16},"end":{"line":70,"column":22},"skip":true},{"start":{"line":70,"column":27},"end":{"line":70,"column":32},"skip":true},{"start":{"line":71,"column":20},"end":{"line":71,"column":39},"skip":true},{"start":{"line":72,"column":20},"end":{"line":72,"column":49},"skip":true},{"start":{"line":73,"column":20},"end":{"line":73,"column":58},"skip":true},{"start":{"line":74,"column":20},"end":{"line":74,"column":69},"skip":true}]},"9":{"line":79,"type":"switch","locations":[{"start":{"line":80,"column":20},"end":{"line":80,"column":33},"skip":true},{"start":{"line":81,"column":20},"end":{"line":83,"column":30},"skip":true},{"start":{"line":84,"column":20},"end":{"line":85,"column":49},"skip":true}]},"10":{"line":89,"type":"switch","locations":[{"start":{"line":90,"column":12},"end":{"line":103,"column":22},"skip":true},{"start":{"line":105,"column":12},"end":{"line":106,"column":22},"skip":true}]},"11":{"line":89,"type":"binary-expr","locations":[{"start":{"line":89,"column":20},"end":{"line":89,"column":25},"skip":true},{"start":{"line":89,"column":29},"end":{"line":89,"column":48},"skip":true},{"start":{"line":89,"column":52},"end":{"line":89,"column":74},"skip":true}]},"12":{"line":92,"type":"if","locations":[{"start":{"line":92,"column":16},"end":{"line":92,"column":16},"skip":true},{"start":{"line":92,"column":16},"end":{"line":92,"column":16},"skip":true}]},"13":{"line":108,"type":"if","locations":[{"start":{"line":108,"column":12},"end":{"line":108,"column":12},"skip":true},{"start":{"line":108,"column":12},"end":{"line":108,"column":12},"skip":true}]},"14":{"line":108,"type":"binary-expr","locations":[{"start":{"line":108,"column":16},"end":{"line":108,"column":61},"skip":true},{"start":{"line":108,"column":66},"end":{"line":108,"column":72},"skip":true},{"start":{"line":108,"column":77},"end":{"line":108,"column":82},"skip":true},{"start":{"line":109,"column":20},"end":{"line":109,"column":39},"skip":true},{"start":{"line":110,"column":20},"end":{"line":110,"column":49},"skip":true},{"start":{"line":111,"column":20},"end":{"line":111,"column":58},"skip":true},{"start":{"line":112,"column":20},"end":{"line":112,"column":68},"skip":true}]},"15":{"line":129,"type":"if","locations":[{"start":{"line":129,"column":16},"end":{"line":129,"column":16},"skip":true},{"start":{"line":129,"column":16},"end":{"line":129,"column":16},"skip":true}]},"16":{"line":134,"type":"cond-expr","locations":[{"start":{"line":135,"column":26},"end":{"line":135,"column":29},"skip":true},{"start":{"line":136,"column":26},"end":{"line":136,"column":54},"skip":true}]},"17":{"line":164,"type":"binary-expr","locations":[{"start":{"line":164,"column":27},"end":{"line":164,"column":43},"skip":true},{"start":{"line":164,"column":47},"end":{"line":164,"column":49},"skip":true}]},"18":{"line":258,"type":"if","locations":[{"start":{"line":258,"column":8},"end":{"line":258,"column":8},"skip":true},{"start":{"line":258,"column":8},"end":{"line":258,"column":8},"skip":true}]},"19":{"line":275,"type":"switch","locations":[{"start":{"line":276,"column":20},"end":{"line":277,"column":64},"skip":true},{"start":{"line":278,"column":20},"end":{"line":279,"column":40},"skip":true},{"start":{"line":280,"column":20},"end":{"line":281,"column":40},"skip":true},{"start":{"line":282,"column":20},"end":{"line":283,"column":39},"skip":true}]},"20":{"line":288,"type":"if","locations":[{"start":{"line":288,"column":8},"end":{"line":288,"column":8},"skip":true},{"start":{"line":288,"column":8},"end":{"line":288,"column":8},"skip":true}]},"21":{"line":288,"type":"binary-expr","locations":[{"start":{"line":288,"column":12},"end":{"line":288,"column":40},"skip":true},{"start":{"line":288,"column":44},"end":{"line":288,"column":67},"skip":true}]},"22":{"line":292,"type":"binary-expr","locations":[{"start":{"line":292,"column":12},"end":{"line":292,"column":50},"skip":true},{"start":{"line":293,"column":12},"end":{"line":293,"column":53},"skip":true}]},"23":{"line":295,"type":"binary-expr","locations":[{"start":{"line":295,"column":12},"end":{"line":295,"column":69},"skip":true},{"start":{"line":296,"column":12},"end":{"line":301,"column":36},"skip":true}]},"24":{"line":302,"type":"binary-expr","locations":[{"start":{"line":302,"column":43},"end":{"line":302,"column":75},"skip":true},{"start":{"line":302,"column":79},"end":{"line":302,"column":81},"skip":true}]},"25":{"line":305,"type":"if","locations":[{"start":{"line":305,"column":8},"end":{"line":305,"column":8},"skip":true},{"start":{"line":305,"column":8},"end":{"line":305,"column":8},"skip":true}]},"26":{"line":309,"type":"if","locations":[{"start":{"line":309,"column":8},"end":{"line":309,"column":8},"skip":true},{"start":{"line":309,"column":8},"end":{"line":309,"column":8},"skip":true}]},"27":{"line":312,"type":"binary-expr","locations":[{"start":{"line":312,"column":27},"end":{"line":312,"column":43},"skip":true},{"start":{"line":312,"column":47},"end":{"line":312,"column":53},"skip":true}]},"28":{"line":316,"type":"if","locations":[{"start":{"line":316,"column":12},"end":{"line":316,"column":12},"skip":true},{"start":{"line":316,"column":12},"end":{"line":316,"column":12},"skip":true}]}},"code":["/*","example.js","","quickstart example","","instruction","    1. save this script as example.js","    2. run the shell command:","        $ npm install npmtest-headroom.js && PORT=8081 node example.js","    3. play with the browser-demo on http://127.0.0.1:8081","*/","","","","/* istanbul instrument in package npmtest_headroom_js */","/*jslint","    bitwise: true,","    browser: true,","    maxerr: 8,","    maxlen: 96,","    node: true,","    nomen: true,","    regexp: true,","    stupid: true","*/","(function () {","    'use strict';","    var local;","","","","    // run shared js-env code - pre-init","    (function () {","        // init local","        local = {};","        // init modeJs","        local.modeJs = (function () {","            try {","                return typeof navigator.userAgent === 'string' &&","                    typeof document.querySelector('body') === 'object' &&","                    typeof XMLHttpRequest.prototype.open === 'function' &&","                    'browser';","            } catch (errorCaughtBrowser) {","                return module.exports &&","                    typeof process.versions.node === 'string' &&","                    typeof require('http').createServer === 'function' &&","                    'node';","            }","        }());","        // init global","        local.global = local.modeJs === 'browser'","            ? window","            : global;","        // init utility2_rollup","        local = local.global.utility2_rollup || (local.modeJs === 'browser'","            ? local.global.utility2_npmtest_headroom_js","            : global.utility2_moduleExports);","        // export local","        local.global.local = local;","    }());","    switch (local.modeJs) {","","","","    // post-init","    // run browser js-env code - post-init","    /* istanbul ignore next */","    case 'browser':","        local.testRunBrowser = function (event) {","            if (!event || (event &&","                    event.currentTarget &&","                    event.currentTarget.className &&","                    event.currentTarget.className.includes &&","                    event.currentTarget.className.includes('onreset'))) {","                // reset output","                Array.from(","                    document.querySelectorAll('body > .resettable')","                ).forEach(function (element) {","                    switch (element.tagName) {","                    case 'INPUT':","                    case 'TEXTAREA':","                        element.value = '';","                        break;","                    default:","                        element.textContent = '';","                    }","                });","            }","            switch (event && event.currentTarget && event.currentTarget.id) {","            case 'testRunButton1':","                // show tests","                if (document.querySelector('#testReportDiv1').style.display === 'none') {","                    document.querySelector('#testReportDiv1').style.display = 'block';","                    document.querySelector('#testRunButton1').textContent =","                        'hide internal test';","                    local.modeTest = true;","                    local.testRunDefault(local);","                // hide tests","                } else {","                    document.querySelector('#testReportDiv1').style.display = 'none';","                    document.querySelector('#testRunButton1').textContent = 'run internal test';","                }","                break;","            // custom-case","            default:","                break;","            }","            if (document.querySelector('#inputTextareaEval1') && (!event || (event &&","                    event.currentTarget &&","                    event.currentTarget.className &&","                    event.currentTarget.className.includes &&","                    event.currentTarget.className.includes('oneval')))) {","                // try to eval input-code","                try {","                    /*jslint evil: true*/","                    eval(document.querySelector('#inputTextareaEval1').value);","                } catch (errorCaught) {","                    console.error(errorCaught);","                }","            }","        };","        // log stderr and stdout to #outputTextareaStdout1","        ['error', 'log'].forEach(function (key) {","            console[key + '_original'] = console[key];","            console[key] = function () {","                var element;","                console[key + '_original'].apply(console, arguments);","                element = document.querySelector('#outputTextareaStdout1');","                if (!element) {","                    return;","                }","                // append text to #outputTextareaStdout1","                element.value += Array.from(arguments).map(function (arg) {","                    return typeof arg === 'string'","                        ? arg","                        : JSON.stringify(arg, null, 4);","                }).join(' ') + '\\n';","                // scroll textarea to bottom","                element.scrollTop = element.scrollHeight;","            };","        });","        // init event-handling","        ['change', 'click', 'keyup'].forEach(function (event) {","            Array.from(document.querySelectorAll('.on' + event)).forEach(function (element) {","                element.addEventListener(event, local.testRunBrowser);","            });","        });","        // run tests","        local.testRunBrowser();","        break;","","","","    // run node js-env code - post-init","    /* istanbul ignore next */","    case 'node':","        // export local","        module.exports = local;","        // require modules","        local.fs = require('fs');","        local.http = require('http');","        local.url = require('url');","        // init assets","        local.assetsDict = local.assetsDict || {};","        /* jslint-ignore-begin */","        local.assetsDict['/assets.index.template.html'] = '\\","<!doctype html>\\n\\","<html lang=\"en\">\\n\\","<head>\\n\\","<meta charset=\"UTF-8\">\\n\\","<meta name=\"viewport\" content=\"width=device-width, initial-scale=1\">\\n\\","<title>{{env.npm_package_name}} (v{{env.npm_package_version}})</title>\\n\\","<style>\\n\\","/*csslint\\n\\","    box-sizing: false,\\n\\","    universal-selector: false\\n\\","*/\\n\\","* {\\n\\","    box-sizing: border-box;\\n\\","}\\n\\","body {\\n\\","    background: #dde;\\n\\","    font-family: Arial, Helvetica, sans-serif;\\n\\","    margin: 2rem;\\n\\","}\\n\\","body > * {\\n\\","    margin-bottom: 1rem;\\n\\","}\\n\\",".utility2FooterDiv {\\n\\","    margin-top: 20px;\\n\\","    text-align: center;\\n\\","}\\n\\","</style>\\n\\","<style>\\n\\","/*csslint\\n\\","*/\\n\\","textarea {\\n\\","    font-family: monospace;\\n\\","    height: 10rem;\\n\\","    width: 100%;\\n\\","}\\n\\","textarea[readonly] {\\n\\","    background: #ddd;\\n\\","}\\n\\","</style>\\n\\","</head>\\n\\","<body>\\n\\","<!-- utility2-comment\\n\\","<div id=\"ajaxProgressDiv1\" style=\"background: #d00; height: 2px; left: 0; margin: 0; padding: 0; position: fixed; top: 0; transition: background 0.5s, width 1.5s; width: 25%;\"></div>\\n\\","utility2-comment -->\\n\\","<h1>\\n\\","<!-- utility2-comment\\n\\","    <a\\n\\","        {{#if env.npm_package_homepage}}\\n\\","        href=\"{{env.npm_package_homepage}}\"\\n\\","        {{/if env.npm_package_homepage}}\\n\\","        target=\"_blank\"\\n\\","    >\\n\\","utility2-comment -->\\n\\","        {{env.npm_package_name}} (v{{env.npm_package_version}})\\n\\","<!-- utility2-comment\\n\\","    </a>\\n\\","utility2-comment -->\\n\\","</h1>\\n\\","<h3>{{env.npm_package_description}}</h3>\\n\\","<!-- utility2-comment\\n\\","<h4><a download href=\"assets.app.js\">download standalone app</a></h4>\\n\\","<button class=\"onclick onreset\" id=\"testRunButton1\">run internal test</button><br>\\n\\","<div id=\"testReportDiv1\" style=\"display: none;\"></div>\\n\\","utility2-comment -->\\n\\","\\n\\","\\n\\","\\n\\","<label>stderr and stdout</label>\\n\\","<textarea class=\"resettable\" id=\"outputTextareaStdout1\" readonly></textarea>\\n\\","<!-- utility2-comment\\n\\","{{#if isRollup}}\\n\\","<script src=\"assets.app.js\"></script>\\n\\","{{#unless isRollup}}\\n\\","utility2-comment -->\\n\\","<script src=\"assets.utility2.rollup.js\"></script>\\n\\","<script src=\"jsonp.utility2._stateInit?callback=window.utility2._stateInit\"></script>\\n\\","<script src=\"assets.npmtest_headroom_js.rollup.js\"></script>\\n\\","<script src=\"assets.example.js\"></script>\\n\\","<script src=\"assets.test.js\"></script>\\n\\","<!-- utility2-comment\\n\\","{{/if isRollup}}\\n\\","utility2-comment -->\\n\\","<div class=\"utility2FooterDiv\">\\n\\","    [ this app was created with\\n\\","    <a href=\"https://github.com/kaizhu256/node-utility2\" target=\"_blank\">utility2</a>\\n\\","    ]\\n\\","</div>\\n\\","</body>\\n\\","</html>\\n\\","';","        /* jslint-ignore-end */","        if (local.templateRender) {","            local.assetsDict['/'] = local.templateRender(","                local.assetsDict['/assets.index.template.html'],","                {","                    env: local.objectSetDefault(local.env, {","                        npm_package_description: 'the greatest app in the world!',","                        npm_package_name: 'my-app',","                        npm_package_nameAlias: 'my_app',","                        npm_package_version: '0.0.1'","                    })","                }","            );","        } else {","            local.assetsDict['/'] = local.assetsDict['/assets.index.template.html']","                .replace((/\\{\\{env\\.(\\w+?)\\}\\}/g), function (match0, match1) {","                    // jslint-hack","                    String(match0);","                    switch (match1) {","                    case 'npm_package_description':","                        return 'the greatest app in the world!';","                    case 'npm_package_name':","                        return 'my-app';","                    case 'npm_package_nameAlias':","                        return 'my_app';","                    case 'npm_package_version':","                        return '0.0.1';","                    }","                });","        }","        // run the cli","        if (local.global.utility2_rollup || module !== require.main) {","            break;","        }","        local.assetsDict['/assets.example.js'] =","            local.assetsDict['/assets.example.js'] ||","            local.fs.readFileSync(__filename, 'utf8');","        local.assetsDict['/assets.npmtest_headroom_js.rollup.js'] =","            local.assetsDict['/assets.npmtest_headroom_js.rollup.js'] ||","            local.fs.readFileSync(","                // buildCustomOrg-hack","                local.npmtest_headroom_js.__dirname +","                    '/lib.npmtest_headroom_js.js',","                'utf8'","            ).replace((/^#!/), '//');","        local.assetsDict['/favicon.ico'] = local.assetsDict['/favicon.ico'] || '';","        // if $npm_config_timeout_exit exists,","        // then exit this process after $npm_config_timeout_exit ms","        if (Number(process.env.npm_config_timeout_exit)) {","            setTimeout(process.exit, Number(process.env.npm_config_timeout_exit));","        }","        // start server","        if (local.global.utility2_serverHttp1) {","            break;","        }","        process.env.PORT = process.env.PORT || '8081';","        console.error('server starting on port ' + process.env.PORT);","        local.http.createServer(function (request, response) {","            request.urlParsed = local.url.parse(request.url);","            if (local.assetsDict[request.urlParsed.pathname] !== undefined) {","                response.end(local.assetsDict[request.urlParsed.pathname]);","                return;","            }","            response.statusCode = 404;","            response.end();","        }).listen(process.env.PORT);","        break;","    }","}());",""],"l":{"26":2,"28":2,"33":2,"35":2,"37":2,"38":2,"39":2,"44":1,"51":2,"55":2,"59":2,"61":2,"69":1,"70":2,"76":2,"79":2,"82":2,"83":2,"85":1,"89":2,"92":1,"93":1,"94":1,"96":1,"97":1,"100":1,"101":1,"103":1,"106":1,"108":2,"114":1,"116":1,"118":1,"123":1,"124":2,"125":2,"126":2,"127":2,"128":2,"129":2,"130":1,"133":2,"134":2,"139":2,"143":1,"144":3,"145":1,"149":1,"150":1,"158":1,"160":1,"161":1,"162":1,"164":1,"166":1,"258":1,"259":1,"271":1,"274":6,"275":6,"277":1,"279":2,"281":1,"283":2,"288":1,"289":1,"291":1,"294":1,"302":1,"305":1,"306":1,"309":1,"310":1,"312":1,"313":1,"314":1,"315":1,"316":1,"317":1,"318":1,"320":1,"321":1,"323":1}},"/home/travis/build/npmtest/node-npmtest-headroom.js/node_modules/headroom.js/dist/headroom.js":{"path":"/home/travis/build/npmtest/node-npmtest-headroom.js/node_modules/headroom.js/dist/headroom.js","s":{"1":3,"2":3,"3":0,"4":3,"5":3,"6":0,"7":3,"8":0,"9":1,"10":0,"11":0,"12":0,"13":0,"14":0,"15":0,"16":0,"17":0,"18":0,"19":1,"20":0,"21":1,"22":0,"23":0,"24":0,"25":0,"26":0,"27":0,"28":0,"29":0,"30":0,"31":0,"32":1,"33":0,"34":1,"35":0,"36":0,"37":0,"38":0,"39":0,"40":0,"41":0,"42":0,"43":0,"44":0,"45":0,"46":0,"47":0,"48":0,"49":0,"50":0,"51":0,"52":0,"53":0,"54":0,"55":0,"56":0,"57":0,"58":0,"59":0,"60":0,"61":0,"62":0,"63":0,"64":0,"65":0,"66":0,"67":0,"68":0,"69":0,"70":0,"71":0,"72":0,"73":0,"74":0,"75":0,"76":0,"77":0,"78":0,"79":0,"80":0,"81":0,"82":0,"83":0,"84":0,"85":0,"86":0,"87":0,"88":0,"89":0,"90":0,"91":0,"92":0,"93":0,"94":0,"95":0,"96":0,"97":0,"98":0,"99":0,"100":0,"101":0,"102":0,"103":0,"104":0,"105":0,"106":0,"107":0,"108":0,"109":0,"110":0,"111":0,"112":0,"113":0,"114":0,"115":0,"116":0,"117":0,"118":0,"119":0,"120":0,"121":0,"122":0,"123":0,"124":0,"125":0,"126":0},"b":{"1":[0,3],"2":[3,0],"3":[3,0],"4":[0,0,0],"5":[0,0,0],"6":[0,0],"7":[0,0],"8":[0,0],"9":[0,0,0,0],"10":[0,0],"11":[0,0],"12":[0,0],"13":[0,0],"14":[0,0],"15":[0,0],"16":[0,0],"17":[0,0],"18":[0,0],"19":[0,0],"20":[0,0],"21":[0,0],"22":[0,0],"23":[0,0],"24":[0,0],"25":[0,0],"26":[0,0],"27":[0,0],"28":[0,0],"29":[0,0],"30":[0,0],"31":[0,0],"32":[0,0],"33":[0,0],"34":[0,0,0],"35":[0,0,0],"36":[0,0],"37":[0,0],"38":[0,0],"39":[0,0],"40":[0,0],"41":[0,0,0],"42":[0,0,0],"43":[0,0],"44":[0,0],"45":[0,0],"46":[0,0],"47":[0,0],"48":[0,0],"49":[0,0,0,0]},"f":{"1":3,"2":3,"3":0,"4":0,"5":0,"6":0,"7":0,"8":0,"9":0,"10":0,"11":0,"12":0,"13":0,"14":0,"15":0,"16":0,"17":0,"18":0,"19":0,"20":0,"21":0,"22":0,"23":0,"24":0,"25":0,"26":0,"27":0,"28":0,"29":0,"30":0,"31":0,"32":0},"fnMap":{"1":{"name":"(anonymous_1)","line":7,"loc":{"start":{"line":7,"column":1},"end":{"line":7,"column":25}}},"2":{"name":"(anonymous_2)","line":22,"loc":{"start":{"line":22,"column":8},"end":{"line":22,"column":19}}},"3":{"name":"(anonymous_3)","line":28,"loc":{"start":{"line":28,"column":14},"end":{"line":28,"column":24}}},"4":{"name":"Debouncer","line":39,"loc":{"start":{"line":39,"column":2},"end":{"line":39,"column":32}}},"5":{"name":"(anonymous_5)","line":50,"loc":{"start":{"line":50,"column":13},"end":{"line":50,"column":24}}},"6":{"name":"(anonymous_6)","line":59,"loc":{"start":{"line":59,"column":18},"end":{"line":59,"column":29}}},"7":{"name":"(anonymous_7)","line":69,"loc":{"start":{"line":69,"column":18},"end":{"line":69,"column":29}}},"8":{"name":"isDOMElement","line":78,"loc":{"start":{"line":78,"column":2},"end":{"line":78,"column":29}}},"9":{"name":"extend","line":85,"loc":{"start":{"line":85,"column":2},"end":{"line":85,"column":46}}},"10":{"name":"normalizeTolerance","line":114,"loc":{"start":{"line":114,"column":2},"end":{"line":114,"column":34}}},"11":{"name":"Headroom","line":126,"loc":{"start":{"line":126,"column":2},"end":{"line":126,"column":36}}},"12":{"name":"(anonymous_12)","line":149,"loc":{"start":{"line":149,"column":11},"end":{"line":149,"column":22}}},"13":{"name":"(anonymous_13)","line":167,"loc":{"start":{"line":167,"column":14},"end":{"line":167,"column":25}}},"14":{"name":"(anonymous_14)","line":179,"loc":{"start":{"line":179,"column":18},"end":{"line":179,"column":29}}},"15":{"name":"(anonymous_15)","line":192,"loc":{"start":{"line":192,"column":12},"end":{"line":192,"column":23}}},"16":{"name":"(anonymous_16)","line":206,"loc":{"start":{"line":206,"column":10},"end":{"line":206,"column":21}}},"17":{"name":"(anonymous_17)","line":220,"loc":{"start":{"line":220,"column":10},"end":{"line":220,"column":21}}},"18":{"name":"(anonymous_18)","line":234,"loc":{"start":{"line":234,"column":13},"end":{"line":234,"column":24}}},"19":{"name":"(anonymous_19)","line":245,"loc":{"start":{"line":245,"column":13},"end":{"line":245,"column":24}}},"20":{"name":"(anonymous_20)","line":259,"loc":{"start":{"line":259,"column":16},"end":{"line":259,"column":27}}},"21":{"name":"(anonymous_21)","line":275,"loc":{"start":{"line":275,"column":17},"end":{"line":275,"column":28}}},"22":{"name":"(anonymous_22)","line":288,"loc":{"start":{"line":288,"column":24},"end":{"line":288,"column":36}}},"23":{"name":"(anonymous_23)","line":299,"loc":{"start":{"line":299,"column":31},"end":{"line":299,"column":46}}},"24":{"name":"(anonymous_24)","line":310,"loc":{"start":{"line":310,"column":32},"end":{"line":310,"column":44}}},"25":{"name":"(anonymous_25)","line":321,"loc":{"start":{"line":321,"column":24},"end":{"line":321,"column":36}}},"26":{"name":"(anonymous_26)","line":337,"loc":{"start":{"line":337,"column":23},"end":{"line":337,"column":38}}},"27":{"name":"(anonymous_27)","line":349,"loc":{"start":{"line":349,"column":24},"end":{"line":349,"column":36}}},"28":{"name":"(anonymous_28)","line":360,"loc":{"start":{"line":360,"column":20},"end":{"line":360,"column":46}}},"29":{"name":"(anonymous_29)","line":372,"loc":{"start":{"line":372,"column":24},"end":{"line":372,"column":61}}},"30":{"name":"(anonymous_30)","line":382,"loc":{"start":{"line":382,"column":18},"end":{"line":382,"column":63}}},"31":{"name":"(anonymous_31)","line":395,"loc":{"start":{"line":395,"column":16},"end":{"line":395,"column":61}}},"32":{"name":"(anonymous_32)","line":405,"loc":{"start":{"line":405,"column":13},"end":{"line":405,"column":24}}}},"statementMap":{"1":{"start":{"line":7,"column":0},"end":{"line":461,"column":4}},"2":{"start":{"line":10,"column":2},"end":{"line":21,"column":3}},"3":{"start":{"line":12,"column":4},"end":{"line":12,"column":24}},"4":{"start":{"line":14,"column":7},"end":{"line":21,"column":3}},"5":{"start":{"line":16,"column":4},"end":{"line":16,"column":31}},"6":{"start":{"line":20,"column":4},"end":{"line":20,"column":30}},"7":{"start":{"line":27,"column":2},"end":{"line":31,"column":4}},"8":{"start":{"line":32,"column":2},"end":{"line":32,"column":135}},"9":{"start":{"line":39,"column":2},"end":{"line":42,"column":3}},"10":{"start":{"line":40,"column":4},"end":{"line":40,"column":29}},"11":{"start":{"line":41,"column":4},"end":{"line":41,"column":25}},"12":{"start":{"line":43,"column":2},"end":{"line":72,"column":4}},"13":{"start":{"line":51,"column":6},"end":{"line":51,"column":39}},"14":{"start":{"line":52,"column":6},"end":{"line":52,"column":27}},"15":{"start":{"line":60,"column":6},"end":{"line":63,"column":7}},"16":{"start":{"line":61,"column":8},"end":{"line":61,"column":95}},"17":{"start":{"line":62,"column":8},"end":{"line":62,"column":28}},"18":{"start":{"line":70,"column":6},"end":{"line":70,"column":25}},"19":{"start":{"line":78,"column":2},"end":{"line":80,"column":3}},"20":{"start":{"line":79,"column":4},"end":{"line":79,"column":84}},"21":{"start":{"line":85,"column":2},"end":{"line":109,"column":3}},"22":{"start":{"line":86,"column":4},"end":{"line":88,"column":5}},"23":{"start":{"line":87,"column":6},"end":{"line":87,"column":62}},"24":{"start":{"line":90,"column":4},"end":{"line":92,"column":10}},"25":{"start":{"line":94,"column":4},"end":{"line":106,"column":5}},"26":{"start":{"line":95,"column":6},"end":{"line":95,"column":43}},"27":{"start":{"line":97,"column":6},"end":{"line":105,"column":7}},"28":{"start":{"line":99,"column":8},"end":{"line":104,"column":9}},"29":{"start":{"line":100,"column":10},"end":{"line":100,"column":62}},"30":{"start":{"line":103,"column":10},"end":{"line":103,"column":56}},"31":{"start":{"line":108,"column":4},"end":{"line":108,"column":18}},"32":{"start":{"line":114,"column":2},"end":{"line":116,"column":3}},"33":{"start":{"line":115,"column":4},"end":{"line":115,"column":54}},"34":{"start":{"line":126,"column":2},"end":{"line":142,"column":3}},"35":{"start":{"line":127,"column":4},"end":{"line":127,"column":48}},"36":{"start":{"line":129,"column":4},"end":{"line":129,"column":30}},"37":{"start":{"line":130,"column":4},"end":{"line":130,"column":33}},"38":{"start":{"line":131,"column":4},"end":{"line":131,"column":66}},"39":{"start":{"line":132,"column":4},"end":{"line":132,"column":44}},"40":{"start":{"line":133,"column":4},"end":{"line":133,"column":43}},"41":{"start":{"line":134,"column":4},"end":{"line":134,"column":45}},"42":{"start":{"line":135,"column":4},"end":{"line":135,"column":34}},"43":{"start":{"line":136,"column":4},"end":{"line":136,"column":42}},"44":{"start":{"line":137,"column":4},"end":{"line":137,"column":44}},"45":{"start":{"line":138,"column":4},"end":{"line":138,"column":42}},"46":{"start":{"line":139,"column":4},"end":{"line":139,"column":45}},"47":{"start":{"line":140,"column":4},"end":{"line":140,"column":45}},"48":{"start":{"line":141,"column":4},"end":{"line":141,"column":48}},"49":{"start":{"line":143,"column":2},"end":{"line":436,"column":4}},"50":{"start":{"line":150,"column":6},"end":{"line":152,"column":7}},"51":{"start":{"line":151,"column":8},"end":{"line":151,"column":15}},"52":{"start":{"line":154,"column":6},"end":{"line":154,"column":61}},"53":{"start":{"line":155,"column":6},"end":{"line":155,"column":52}},"54":{"start":{"line":159,"column":6},"end":{"line":159,"column":51}},"55":{"start":{"line":161,"column":6},"end":{"line":161,"column":18}},"56":{"start":{"line":168,"column":6},"end":{"line":168,"column":33}},"57":{"start":{"line":170,"column":6},"end":{"line":170,"column":31}},"58":{"start":{"line":171,"column":6},"end":{"line":171,"column":113}},"59":{"start":{"line":172,"column":6},"end":{"line":172,"column":73}},"60":{"start":{"line":180,"column":6},"end":{"line":186,"column":7}},"61":{"start":{"line":181,"column":8},"end":{"line":181,"column":50}},"62":{"start":{"line":182,"column":8},"end":{"line":182,"column":32}},"63":{"start":{"line":183,"column":8},"end":{"line":183,"column":72}},"64":{"start":{"line":185,"column":8},"end":{"line":185,"column":37}},"65":{"start":{"line":193,"column":6},"end":{"line":194,"column":31}},"66":{"start":{"line":196,"column":6},"end":{"line":200,"column":7}},"67":{"start":{"line":197,"column":8},"end":{"line":197,"column":40}},"68":{"start":{"line":198,"column":8},"end":{"line":198,"column":41}},"69":{"start":{"line":199,"column":8},"end":{"line":199,"column":48}},"70":{"start":{"line":207,"column":6},"end":{"line":208,"column":31}},"71":{"start":{"line":210,"column":6},"end":{"line":214,"column":7}},"72":{"start":{"line":211,"column":8},"end":{"line":211,"column":43}},"73":{"start":{"line":212,"column":8},"end":{"line":212,"column":38}},"74":{"start":{"line":213,"column":8},"end":{"line":213,"column":44}},"75":{"start":{"line":221,"column":6},"end":{"line":222,"column":31}},"76":{"start":{"line":224,"column":6},"end":{"line":228,"column":7}},"77":{"start":{"line":225,"column":8},"end":{"line":225,"column":35}},"78":{"start":{"line":226,"column":8},"end":{"line":226,"column":41}},"79":{"start":{"line":227,"column":8},"end":{"line":227,"column":44}},"80":{"start":{"line":235,"column":6},"end":{"line":236,"column":31}},"81":{"start":{"line":238,"column":6},"end":{"line":242,"column":7}},"82":{"start":{"line":239,"column":8},"end":{"line":239,"column":38}},"83":{"start":{"line":240,"column":8},"end":{"line":240,"column":38}},"84":{"start":{"line":241,"column":8},"end":{"line":241,"column":50}},"85":{"start":{"line":246,"column":6},"end":{"line":247,"column":31}},"86":{"start":{"line":249,"column":6},"end":{"line":253,"column":7}},"87":{"start":{"line":250,"column":8},"end":{"line":250,"column":38}},"88":{"start":{"line":251,"column":8},"end":{"line":251,"column":44}},"89":{"start":{"line":252,"column":8},"end":{"line":252,"column":50}},"90":{"start":{"line":260,"column":6},"end":{"line":261,"column":31}},"91":{"start":{"line":263,"column":6},"end":{"line":267,"column":7}},"92":{"start":{"line":264,"column":8},"end":{"line":264,"column":41}},"93":{"start":{"line":265,"column":8},"end":{"line":265,"column":41}},"94":{"start":{"line":266,"column":8},"end":{"line":266,"column":56}},"95":{"start":{"line":276,"column":6},"end":{"line":280,"column":94}},"96":{"start":{"line":289,"column":6},"end":{"line":291,"column":38}},"97":{"start":{"line":300,"column":6},"end":{"line":303,"column":8}},"98":{"start":{"line":311,"column":6},"end":{"line":313,"column":55}},"99":{"start":{"line":322,"column":6},"end":{"line":323,"column":51}},"100":{"start":{"line":325,"column":6},"end":{"line":329,"column":8}},"101":{"start":{"line":338,"column":6},"end":{"line":342,"column":8}},"102":{"start":{"line":350,"column":6},"end":{"line":352,"column":47}},"103":{"start":{"line":361,"column":6},"end":{"line":362,"column":98}},"104":{"start":{"line":364,"column":6},"end":{"line":364,"column":35}},"105":{"start":{"line":373,"column":6},"end":{"line":373,"column":89}},"106":{"start":{"line":383,"column":6},"end":{"line":384,"column":51}},"107":{"start":{"line":386,"column":6},"end":{"line":386,"column":62}},"108":{"start":{"line":396,"column":6},"end":{"line":397,"column":51}},"109":{"start":{"line":399,"column":6},"end":{"line":399,"column":62}},"110":{"start":{"line":406,"column":6},"end":{"line":408,"column":84}},"111":{"start":{"line":410,"column":6},"end":{"line":412,"column":7}},"112":{"start":{"line":411,"column":8},"end":{"line":411,"column":15}},"113":{"start":{"line":414,"column":6},"end":{"line":418,"column":7}},"114":{"start":{"line":415,"column":8},"end":{"line":415,"column":19}},"115":{"start":{"line":417,"column":8},"end":{"line":417,"column":22}},"116":{"start":{"line":420,"column":6},"end":{"line":425,"column":7}},"117":{"start":{"line":421,"column":8},"end":{"line":421,"column":22}},"118":{"start":{"line":424,"column":8},"end":{"line":424,"column":25}},"119":{"start":{"line":427,"column":6},"end":{"line":432,"column":7}},"120":{"start":{"line":428,"column":8},"end":{"line":428,"column":21}},"121":{"start":{"line":430,"column":11},"end":{"line":432,"column":7}},"122":{"start":{"line":431,"column":8},"end":{"line":431,"column":19}},"123":{"start":{"line":434,"column":6},"end":{"line":434,"column":45}},"124":{"start":{"line":441,"column":2},"end":{"line":457,"column":4}},"125":{"start":{"line":458,"column":2},"end":{"line":458,"column":115}},"126":{"start":{"line":460,"column":2},"end":{"line":460,"column":18}}},"branchMap":{"1":{"line":10,"type":"if","locations":[{"start":{"line":10,"column":2},"end":{"line":10,"column":2}},{"start":{"line":10,"column":2},"end":{"line":10,"column":2}}]},"2":{"line":10,"type":"binary-expr","locations":[{"start":{"line":10,"column":6},"end":{"line":10,"column":34}},{"start":{"line":10,"column":38},"end":{"line":10,"column":48}}]},"3":{"line":14,"type":"if","locations":[{"start":{"line":14,"column":7},"end":{"line":14,"column":7}},{"start":{"line":14,"column":7},"end":{"line":14,"column":7}}]},"4":{"line":30,"type":"binary-expr","locations":[{"start":{"line":30,"column":13},"end":{"line":30,"column":41}},{"start":{"line":30,"column":45},"end":{"line":30,"column":79}},{"start":{"line":30,"column":83},"end":{"line":30,"column":114}}]},"5":{"line":32,"type":"binary-expr","locations":[{"start":{"line":32,"column":33},"end":{"line":32,"column":61}},{"start":{"line":32,"column":65},"end":{"line":32,"column":99}},{"start":{"line":32,"column":103},"end":{"line":32,"column":134}}]},"6":{"line":51,"type":"binary-expr","locations":[{"start":{"line":51,"column":6},"end":{"line":51,"column":19}},{"start":{"line":51,"column":23},"end":{"line":51,"column":38}}]},"7":{"line":60,"type":"if","locations":[{"start":{"line":60,"column":6},"end":{"line":60,"column":6}},{"start":{"line":60,"column":6},"end":{"line":60,"column":6}}]},"8":{"line":61,"type":"binary-expr","locations":[{"start":{"line":61,"column":30},"end":{"line":61,"column":46}},{"start":{"line":61,"column":51},"end":{"line":61,"column":92}}]},"9":{"line":79,"type":"binary-expr","locations":[{"start":{"line":79,"column":11},"end":{"line":79,"column":14}},{"start":{"line":79,"column":18},"end":{"line":79,"column":47}},{"start":{"line":79,"column":52},"end":{"line":79,"column":66}},{"start":{"line":79,"column":70},"end":{"line":79,"column":82}}]},"10":{"line":86,"type":"if","locations":[{"start":{"line":86,"column":4},"end":{"line":86,"column":4}},{"start":{"line":86,"column":4},"end":{"line":86,"column":4}}]},"11":{"line":90,"type":"binary-expr","locations":[{"start":{"line":90,"column":17},"end":{"line":90,"column":23}},{"start":{"line":90,"column":27},"end":{"line":90,"column":29}}]},"12":{"line":95,"type":"binary-expr","locations":[{"start":{"line":95,"column":24},"end":{"line":95,"column":36}},{"start":{"line":95,"column":40},"end":{"line":95,"column":42}}]},"13":{"line":99,"type":"if","locations":[{"start":{"line":99,"column":8},"end":{"line":99,"column":8}},{"start":{"line":99,"column":8},"end":{"line":99,"column":8}}]},"14":{"line":99,"type":"binary-expr","locations":[{"start":{"line":99,"column":11},"end":{"line":99,"column":42}},{"start":{"line":99,"column":46},"end":{"line":99,"column":73}}]},"15":{"line":103,"type":"binary-expr","locations":[{"start":{"line":103,"column":24},"end":{"line":103,"column":35}},{"start":{"line":103,"column":39},"end":{"line":103,"column":55}}]},"16":{"line":115,"type":"cond-expr","locations":[{"start":{"line":115,"column":29},"end":{"line":115,"column":30}},{"start":{"line":115,"column":33},"end":{"line":115,"column":53}}]},"17":{"line":150,"type":"if","locations":[{"start":{"line":150,"column":6},"end":{"line":150,"column":6}},{"start":{"line":150,"column":6},"end":{"line":150,"column":6}}]},"18":{"line":180,"type":"if","locations":[{"start":{"line":180,"column":6},"end":{"line":180,"column":6}},{"start":{"line":180,"column":6},"end":{"line":180,"column":6}}]},"19":{"line":196,"type":"if","locations":[{"start":{"line":196,"column":6},"end":{"line":196,"column":6}},{"start":{"line":196,"column":6},"end":{"line":196,"column":6}}]},"20":{"line":196,"type":"binary-expr","locations":[{"start":{"line":196,"column":9},"end":{"line":196,"column":43}},{"start":{"line":196,"column":47},"end":{"line":196,"column":84}}]},"21":{"line":199,"type":"binary-expr","locations":[{"start":{"line":199,"column":8},"end":{"line":199,"column":20}},{"start":{"line":199,"column":24},"end":{"line":199,"column":47}}]},"22":{"line":210,"type":"if","locations":[{"start":{"line":210,"column":6},"end":{"line":210,"column":6}},{"start":{"line":210,"column":6},"end":{"line":210,"column":6}}]},"23":{"line":213,"type":"binary-expr","locations":[{"start":{"line":213,"column":8},"end":{"line":213,"column":18}},{"start":{"line":213,"column":22},"end":{"line":213,"column":43}}]},"24":{"line":224,"type":"if","locations":[{"start":{"line":224,"column":6},"end":{"line":224,"column":6}},{"start":{"line":224,"column":6},"end":{"line":224,"column":6}}]},"25":{"line":227,"type":"binary-expr","locations":[{"start":{"line":227,"column":8},"end":{"line":227,"column":18}},{"start":{"line":227,"column":22},"end":{"line":227,"column":43}}]},"26":{"line":238,"type":"if","locations":[{"start":{"line":238,"column":6},"end":{"line":238,"column":6}},{"start":{"line":238,"column":6},"end":{"line":238,"column":6}}]},"27":{"line":241,"type":"binary-expr","locations":[{"start":{"line":241,"column":8},"end":{"line":241,"column":21}},{"start":{"line":241,"column":25},"end":{"line":241,"column":49}}]},"28":{"line":249,"type":"if","locations":[{"start":{"line":249,"column":6},"end":{"line":249,"column":6}},{"start":{"line":249,"column":6},"end":{"line":249,"column":6}}]},"29":{"line":252,"type":"binary-expr","locations":[{"start":{"line":252,"column":8},"end":{"line":252,"column":21}},{"start":{"line":252,"column":25},"end":{"line":252,"column":49}}]},"30":{"line":263,"type":"if","locations":[{"start":{"line":263,"column":6},"end":{"line":263,"column":6}},{"start":{"line":263,"column":6},"end":{"line":263,"column":6}}]},"31":{"line":266,"type":"binary-expr","locations":[{"start":{"line":266,"column":8},"end":{"line":266,"column":24}},{"start":{"line":266,"column":28},"end":{"line":266,"column":55}}]},"32":{"line":276,"type":"cond-expr","locations":[{"start":{"line":277,"column":10},"end":{"line":277,"column":35}},{"start":{"line":278,"column":10},"end":{"line":280,"column":93}}]},"33":{"line":278,"type":"cond-expr","locations":[{"start":{"line":279,"column":12},"end":{"line":279,"column":35}},{"start":{"line":280,"column":12},"end":{"line":280,"column":93}}]},"34":{"line":280,"type":"binary-expr","locations":[{"start":{"line":280,"column":13},"end":{"line":280,"column":37}},{"start":{"line":280,"column":41},"end":{"line":280,"column":65}},{"start":{"line":280,"column":69},"end":{"line":280,"column":82}}]},"35":{"line":289,"type":"binary-expr","locations":[{"start":{"line":289,"column":13},"end":{"line":289,"column":31}},{"start":{"line":290,"column":11},"end":{"line":290,"column":48}},{"start":{"line":291,"column":11},"end":{"line":291,"column":37}}]},"36":{"line":311,"type":"cond-expr","locations":[{"start":{"line":312,"column":10},"end":{"line":312,"column":34}},{"start":{"line":313,"column":10},"end":{"line":313,"column":54}}]},"37":{"line":311,"type":"binary-expr","locations":[{"start":{"line":311,"column":14},"end":{"line":311,"column":38}},{"start":{"line":311,"column":42},"end":{"line":311,"column":73}}]},"38":{"line":350,"type":"cond-expr","locations":[{"start":{"line":351,"column":10},"end":{"line":351,"column":34}},{"start":{"line":352,"column":10},"end":{"line":352,"column":46}}]},"39":{"line":350,"type":"binary-expr","locations":[{"start":{"line":350,"column":14},"end":{"line":350,"column":38}},{"start":{"line":350,"column":42},"end":{"line":350,"column":73}}]},"40":{"line":364,"type":"binary-expr","locations":[{"start":{"line":364,"column":13},"end":{"line":364,"column":20}},{"start":{"line":364,"column":24},"end":{"line":364,"column":34}}]},"41":{"line":386,"type":"binary-expr","locations":[{"start":{"line":386,"column":13},"end":{"line":386,"column":26}},{"start":{"line":386,"column":30},"end":{"line":386,"column":40}},{"start":{"line":386,"column":44},"end":{"line":386,"column":61}}]},"42":{"line":399,"type":"binary-expr","locations":[{"start":{"line":399,"column":14},"end":{"line":399,"column":25}},{"start":{"line":399,"column":29},"end":{"line":399,"column":46}},{"start":{"line":399,"column":51},"end":{"line":399,"column":61}}]},"43":{"line":407,"type":"cond-expr","locations":[{"start":{"line":407,"column":67},"end":{"line":407,"column":73}},{"start":{"line":407,"column":76},"end":{"line":407,"column":80}}]},"44":{"line":410,"type":"if","locations":[{"start":{"line":410,"column":6},"end":{"line":410,"column":6}},{"start":{"line":410,"column":6},"end":{"line":410,"column":6}}]},"45":{"line":414,"type":"if","locations":[{"start":{"line":414,"column":6},"end":{"line":414,"column":6}},{"start":{"line":414,"column":6},"end":{"line":414,"column":6}}]},"46":{"line":420,"type":"if","locations":[{"start":{"line":420,"column":6},"end":{"line":420,"column":6}},{"start":{"line":420,"column":6},"end":{"line":420,"column":6}}]},"47":{"line":427,"type":"if","locations":[{"start":{"line":427,"column":6},"end":{"line":427,"column":6}},{"start":{"line":427,"column":6},"end":{"line":427,"column":6}}]},"48":{"line":430,"type":"if","locations":[{"start":{"line":430,"column":11},"end":{"line":430,"column":11}},{"start":{"line":430,"column":11},"end":{"line":430,"column":11}}]},"49":{"line":458,"type":"binary-expr","locations":[{"start":{"line":458,"column":28},"end":{"line":458,"column":59}},{"start":{"line":458,"column":63},"end":{"line":458,"column":75}},{"start":{"line":458,"column":79},"end":{"line":458,"column":92}},{"start":{"line":458,"column":96},"end":{"line":458,"column":114}}]}},"code":["/*!"," * headroom.js v0.9.3 - Give your page some headroom. Hide your header until you need it"," * Copyright (c) 2016 Nick Williams - http://wicky.nillia.ms/headroom.js"," * License: MIT"," */","","(function(root, factory) {","  'use strict';","","  if (typeof define === 'function' && define.amd) {","    // AMD. Register as an anonymous module.","    define([], factory);","  }","  else if (typeof exports === 'object') {","    // COMMONJS","    module.exports = factory();","  }","  else {","    // BROWSER","    root.Headroom = factory();","  }","}(this, function() {","  'use strict';","","  /* exported features */","  ","  var features = {","    bind : !!(function(){}.bind),","    classList : 'classList' in document.documentElement,","    rAF : !!(window.requestAnimationFrame || window.webkitRequestAnimationFrame || window.mozRequestAnimationFrame)","  };","  window.requestAnimationFrame = window.requestAnimationFrame || window.webkitRequestAnimationFrame || window.mozRequestAnimationFrame;","  ","  /**","   * Handles debouncing of events via requestAnimationFrame","   * @see http://www.html5rocks.com/en/tutorials/speed/animations/","   * @param {Function} callback The callback to handle whichever event","   */","  function Debouncer (callback) {","    this.callback = callback;","    this.ticking = false;","  }","  Debouncer.prototype = {","    constructor : Debouncer,","  ","    /**","     * dispatches the event to the supplied callback","     * @private","     */","    update : function() {","      this.callback && this.callback();","      this.ticking = false;","    },","  ","    /**","     * ensures events don't get stacked","     * @private","     */","    requestTick : function() {","      if(!this.ticking) {","        requestAnimationFrame(this.rafCallback || (this.rafCallback = this.update.bind(this)));","        this.ticking = true;","      }","    },","  ","    /**","     * Attach this as the event listeners","     */","    handleEvent : function() {","      this.requestTick();","    }","  };","  /**","   * Check if object is part of the DOM","   * @constructor","   * @param {Object} obj element to check","   */","  function isDOMElement(obj) {","    return obj && typeof window !== 'undefined' && (obj === window || obj.nodeType);","  }","  ","  /**","   * Helper function for extending objects","   */","  function extend (object /*, objectN ... */) {","    if(arguments.length <= 0) {","      throw new Error('Missing arguments in extend function');","    }","  ","    var result = object || {},","        key,","        i;","  ","    for (i = 1; i < arguments.length; i++) {","      var replacement = arguments[i] || {};","  ","      for (key in replacement) {","        // Recurse into object except if the object is a DOM element","        if(typeof result[key] === 'object' && ! isDOMElement(result[key])) {","          result[key] = extend(result[key], replacement[key]);","        }","        else {","          result[key] = result[key] || replacement[key];","        }","      }","    }","  ","    return result;","  }","  ","  /**","   * Helper function for normalizing tolerance option to object format","   */","  function normalizeTolerance (t) {","    return t === Object(t) ? t : { down : t, up : t };","  }","  ","  /**","   * UI enhancement for fixed headers.","   * Hides header when scrolling down","   * Shows header when scrolling up","   * @constructor","   * @param {DOMElement} elem the header element","   * @param {Object} options options for the widget","   */","  function Headroom (elem, options) {","    options = extend(options, Headroom.options);","  ","    this.lastKnownScrollY = 0;","    this.elem             = elem;","    this.tolerance        = normalizeTolerance(options.tolerance);","    this.classes          = options.classes;","    this.offset           = options.offset;","    this.scroller         = options.scroller;","    this.initialised      = false;","    this.onPin            = options.onPin;","    this.onUnpin          = options.onUnpin;","    this.onTop            = options.onTop;","    this.onNotTop         = options.onNotTop;","    this.onBottom         = options.onBottom;","    this.onNotBottom      = options.onNotBottom;","  }","  Headroom.prototype = {","    constructor : Headroom,","  ","    /**","     * Initialises the widget","     */","    init : function() {","      if(!Headroom.cutsTheMustard) {","        return;","      }","  ","      this.debouncer = new Debouncer(this.update.bind(this));","      this.elem.classList.add(this.classes.initial);","  ","      // defer event registration to handle browser ","      // potentially restoring previous scroll position","      setTimeout(this.attachEvent.bind(this), 100);","  ","      return this;","    },","  ","    /**","     * Unattaches events and removes any classes that were added","     */","    destroy : function() {","      var classes = this.classes;","  ","      this.initialised = false;","      this.elem.classList.remove(classes.unpinned, classes.pinned, classes.top, classes.notTop, classes.initial);","      this.scroller.removeEventListener('scroll', this.debouncer, false);","    },","  ","    /**","     * Attaches the scroll event","     * @private","     */","    attachEvent : function() {","      if(!this.initialised){","        this.lastKnownScrollY = this.getScrollY();","        this.initialised = true;","        this.scroller.addEventListener('scroll', this.debouncer, false);","  ","        this.debouncer.handleEvent();","      }","    },","    ","    /**","     * Unpins the header if it's currently pinned","     */","    unpin : function() {","      var classList = this.elem.classList,","        classes = this.classes;","      ","      if(classList.contains(classes.pinned) || !classList.contains(classes.unpinned)) {","        classList.add(classes.unpinned);","        classList.remove(classes.pinned);","        this.onUnpin && this.onUnpin.call(this);","      }","    },","  ","    /**","     * Pins the header if it's currently unpinned","     */","    pin : function() {","      var classList = this.elem.classList,","        classes = this.classes;","      ","      if(classList.contains(classes.unpinned)) {","        classList.remove(classes.unpinned);","        classList.add(classes.pinned);","        this.onPin && this.onPin.call(this);","      }","    },","  ","    /**","     * Handles the top states","     */","    top : function() {","      var classList = this.elem.classList,","        classes = this.classes;","      ","      if(!classList.contains(classes.top)) {","        classList.add(classes.top);","        classList.remove(classes.notTop);","        this.onTop && this.onTop.call(this);","      }","    },","  ","    /**","     * Handles the not top state","     */","    notTop : function() {","      var classList = this.elem.classList,","        classes = this.classes;","      ","      if(!classList.contains(classes.notTop)) {","        classList.add(classes.notTop);","        classList.remove(classes.top);","        this.onNotTop && this.onNotTop.call(this);","      }","    },","  ","    bottom : function() {","      var classList = this.elem.classList,","        classes = this.classes;","      ","      if(!classList.contains(classes.bottom)) {","        classList.add(classes.bottom);","        classList.remove(classes.notBottom);","        this.onBottom && this.onBottom.call(this);","      }","    },","  ","    /**","     * Handles the not top state","     */","    notBottom : function() {","      var classList = this.elem.classList,","        classes = this.classes;","      ","      if(!classList.contains(classes.notBottom)) {","        classList.add(classes.notBottom);","        classList.remove(classes.bottom);","        this.onNotBottom && this.onNotBottom.call(this);","      }","    },","  ","    /**","     * Gets the Y scroll position","     * @see https://developer.mozilla.org/en-US/docs/Web/API/Window.scrollY","     * @return {Number} pixels the page has scrolled along the Y-axis","     */","    getScrollY : function() {","      return (this.scroller.pageYOffset !== undefined)","        ? this.scroller.pageYOffset","        : (this.scroller.scrollTop !== undefined)","          ? this.scroller.scrollTop","          : (document.documentElement || document.body.parentNode || document.body).scrollTop;","    },","  ","    /**","     * Gets the height of the viewport","     * @see http://andylangton.co.uk/blog/development/get-viewport-size-width-and-height-javascript","     * @return {int} the height of the viewport in pixels","     */","    getViewportHeight : function () {","      return window.innerHeight","        || document.documentElement.clientHeight","        || document.body.clientHeight;","    },","  ","    /**","     * Gets the physical height of the DOM element","     * @param  {Object}  elm the element to calculate the physical height of which","     * @return {int}     the physical height of the element in pixels","     */","    getElementPhysicalHeight : function (elm) {","      return Math.max(","        elm.offsetHeight,","        elm.clientHeight","      );","    },","  ","    /**","     * Gets the physical height of the scroller element","     * @return {int} the physical height of the scroller element in pixels","     */","    getScrollerPhysicalHeight : function () {","      return (this.scroller === window || this.scroller === document.body)","        ? this.getViewportHeight()","        : this.getElementPhysicalHeight(this.scroller);","    },","  ","    /**","     * Gets the height of the document","     * @see http://james.padolsey.com/javascript/get-document-height-cross-browser/","     * @return {int} the height of the document in pixels","     */","    getDocumentHeight : function () {","      var body = document.body,","        documentElement = document.documentElement;","    ","      return Math.max(","        body.scrollHeight, documentElement.scrollHeight,","        body.offsetHeight, documentElement.offsetHeight,","        body.clientHeight, documentElement.clientHeight","      );","    },","  ","    /**","     * Gets the height of the DOM element","     * @param  {Object}  elm the element to calculate the height of which","     * @return {int}     the height of the element in pixels","     */","    getElementHeight : function (elm) {","      return Math.max(","        elm.scrollHeight,","        elm.offsetHeight,","        elm.clientHeight","      );","    },","  ","    /**","     * Gets the height of the scroller element","     * @return {int} the height of the scroller element in pixels","     */","    getScrollerHeight : function () {","      return (this.scroller === window || this.scroller === document.body)","        ? this.getDocumentHeight()","        : this.getElementHeight(this.scroller);","    },","  ","    /**","     * determines if the scroll position is outside of document boundaries","     * @param  {int}  currentScrollY the current y scroll position","     * @return {bool} true if out of bounds, false otherwise","     */","    isOutOfBounds : function (currentScrollY) {","      var pastTop  = currentScrollY < 0,","        pastBottom = currentScrollY + this.getScrollerPhysicalHeight() > this.getScrollerHeight();","      ","      return pastTop || pastBottom;","    },","  ","    /**","     * determines if the tolerance has been exceeded","     * @param  {int} currentScrollY the current scroll y position","     * @return {bool} true if tolerance exceeded, false otherwise","     */","    toleranceExceeded : function (currentScrollY, direction) {","      return Math.abs(currentScrollY-this.lastKnownScrollY) >= this.tolerance[direction];","    },","  ","    /**","     * determine if it is appropriate to unpin","     * @param  {int} currentScrollY the current y scroll position","     * @param  {bool} toleranceExceeded has the tolerance been exceeded?","     * @return {bool} true if should unpin, false otherwise","     */","    shouldUnpin : function (currentScrollY, toleranceExceeded) {","      var scrollingDown = currentScrollY > this.lastKnownScrollY,","        pastOffset = currentScrollY >= this.offset;","  ","      return scrollingDown && pastOffset && toleranceExceeded;","    },","  ","    /**","     * determine if it is appropriate to pin","     * @param  {int} currentScrollY the current y scroll position","     * @param  {bool} toleranceExceeded has the tolerance been exceeded?","     * @return {bool} true if should pin, false otherwise","     */","    shouldPin : function (currentScrollY, toleranceExceeded) {","      var scrollingUp  = currentScrollY < this.lastKnownScrollY,","        pastOffset = currentScrollY <= this.offset;","  ","      return (scrollingUp && toleranceExceeded) || pastOffset;","    },","  ","    /**","     * Handles updating the state of the widget","     */","    update : function() {","      var currentScrollY  = this.getScrollY(),","        scrollDirection = currentScrollY > this.lastKnownScrollY ? 'down' : 'up',","        toleranceExceeded = this.toleranceExceeded(currentScrollY, scrollDirection);","  ","      if(this.isOutOfBounds(currentScrollY)) { // Ignore bouncy scrolling in OSX","        return;","      }","  ","      if (currentScrollY <= this.offset ) {","        this.top();","      } else {","        this.notTop();","      }","  ","      if(currentScrollY + this.getViewportHeight() >= this.getScrollerHeight()) {","        this.bottom();","      }","      else {","        this.notBottom();","      }","  ","      if(this.shouldUnpin(currentScrollY, toleranceExceeded)) {","        this.unpin();","      }","      else if(this.shouldPin(currentScrollY, toleranceExceeded)) {","        this.pin();","      }","  ","      this.lastKnownScrollY = currentScrollY;","    }","  };","  /**","   * Default options","   * @type {Object}","   */","  Headroom.options = {","    tolerance : {","      up : 0,","      down : 0","    },","    offset : 0,","    scroller: window,","    classes : {","      pinned : 'headroom--pinned',","      unpinned : 'headroom--unpinned',","      top : 'headroom--top',","      notTop : 'headroom--not-top',","      bottom : 'headroom--bottom',","      notBottom : 'headroom--not-bottom',","      initial : 'headroom'","    }","  };","  Headroom.cutsTheMustard = typeof features !== 'undefined' && features.rAF && features.bind && features.classList;","","  return Headroom;","}));"],"l":{"7":3,"10":3,"12":0,"14":3,"16":3,"20":0,"27":3,"32":0,"39":1,"40":0,"41":0,"43":0,"51":0,"52":0,"60":0,"61":0,"62":0,"70":0,"78":1,"79":0,"85":1,"86":0,"87":0,"90":0,"94":0,"95":0,"97":0,"99":0,"100":0,"103":0,"108":0,"114":1,"115":0,"126":1,"127":0,"129":0,"130":0,"131":0,"132":0,"133":0,"134":0,"135":0,"136":0,"137":0,"138":0,"139":0,"140":0,"141":0,"143":0,"150":0,"151":0,"154":0,"155":0,"159":0,"161":0,"168":0,"170":0,"171":0,"172":0,"180":0,"181":0,"182":0,"183":0,"185":0,"193":0,"196":0,"197":0,"198":0,"199":0,"207":0,"210":0,"211":0,"212":0,"213":0,"221":0,"224":0,"225":0,"226":0,"227":0,"235":0,"238":0,"239":0,"240":0,"241":0,"246":0,"249":0,"250":0,"251":0,"252":0,"260":0,"263":0,"264":0,"265":0,"266":0,"276":0,"289":0,"300":0,"311":0,"322":0,"325":0,"338":0,"350":0,"361":0,"364":0,"373":0,"383":0,"386":0,"396":0,"399":0,"406":0,"410":0,"411":0,"414":0,"415":0,"417":0,"420":0,"421":0,"424":0,"427":0,"428":0,"430":0,"431":0,"434":0,"441":0,"458":0,"460":0}}}